<?xml version="1.0" encoding="UTF-8"?>
<!-- Generated by org.testng.reporters.JUnitReportReporter -->
<testsuite skipped="0" hostname="Benzi" name="SanityTests.nopCommerceWebDB" tests="1" failures="0" timestamp="09 Nov 2020 19:23:34 GMT" time="7.582" errors="0">
  <testcase name="test01_registerDB" time="7.582" classname="SanityTests.nopCommerceWebDB"/>
</testsuite> <!-- SanityTests.nopCommerceWebDB -->
