<?xml version="1.0" encoding="UTF-8"?>
<!-- Generated by org.testng.reporters.JUnitReportReporter -->
<testsuite skipped="0" hostname="Benzi" name="SanityTests.nopCommerceWeb" tests="7" failures="0" timestamp="16 Nov 2020 19:30:58 GMT" time="36.211" errors="0">
  <testcase name="test06_Verify" time="2.163" classname="SanityTests.nopCommerceWeb"/>
  <testcase name="test07_verifyYaxis" time="2.059" classname="SanityTests.nopCommerceWeb"/>
  <testcase name="test05_emptySearchPopup" time="1.001" classname="SanityTests.nopCommerceWeb"/>
  <testcase name="test03_removeFromCart" time="10.582" classname="SanityTests.nopCommerceWeb"/>
  <testcase name="test01_register" time="6.544" classname="SanityTests.nopCommerceWeb"/>
  <testcase name="test02_addToCart" time="9.609" classname="SanityTests.nopCommerceWeb"/>
  <testcase name="test04_sortBy" time="4.253" classname="SanityTests.nopCommerceWeb"/>
</testsuite> <!-- SanityTests.nopCommerceWeb -->
