<?xml version="1.0" encoding="UTF-8"?>
<!-- Generated by org.testng.reporters.JUnitReportReporter -->
<testsuite skipped="0" hostname="Benzi" name="SanityTests.JSONServerAPI" tests="2" failures="0" timestamp="16 Nov 2020 19:36:54 GMT" time="1.927" errors="0">
  <testcase name="test02_GetProperty" time="0.635" classname="SanityTests.JSONServerAPI"/>
  <testcase name="test01_addSectionAndVerify" time="1.292" classname="SanityTests.JSONServerAPI"/>
</testsuite> <!-- SanityTests.JSONServerAPI -->
